<?xml version="1.0" encoding="UTF-8"?>
<!-- Generated by org.testng.reporters.JUnitReportReporter -->
<testsuite hostname="Naresh-Acer-143" failures="0" tests="1" name="com.qa.opencart.tests.CartClickTest" time="4.970" errors="0" timestamp="2025-06-07T18:51:52 IST" skipped="0">
  <testcase classname="com.qa.opencart.tests.CartClickTest" name="CartAdd" time="4.970"/>
</testsuite> <!-- com.qa.opencart.tests.CartClickTest -->
