<?xml version="1.0" encoding="UTF-8"?>
<!-- Generated by org.testng.reporters.JUnitReportReporter -->
<testsuite hostname="Naresh-Acer-143" failures="0" tests="5" name="com.qa.opencart.tests.HomePageTest" time="17.003" errors="0" timestamp="2025-06-07T12:16:21 IST" skipped="0">
  <testcase classname="com.qa.opencart.tests.HomePageTest" name="searchTest" time="5.790"/>
  <testcase classname="com.qa.opencart.tests.HomePageTest" name="searchTest" time="5.531"/>
  <testcase classname="com.qa.opencart.tests.HomePageTest" name="homePageTitleTest" time="0.081"/>
  <testcase classname="com.qa.opencart.tests.HomePageTest" name="homePageURLTest" time="0.003"/>
  <testcase classname="com.qa.opencart.tests.HomePageTest" name="searchTest" time="5.598"/>
</testsuite> <!-- com.qa.opencart.tests.HomePageTest -->
