<?xml version="1.0" encoding="UTF-8"?>
<!-- Generated by org.testng.reporters.JUnitReportReporter -->
<testsuite hostname="Naresh-Acer-143" failures="0" tests="5" name="com.qa.opencart.tests.HomePageTest" time="16.817" errors="0" timestamp="2025-06-08T12:54:54 IST" skipped="0">
  <testcase classname="com.qa.opencart.tests.HomePageTest" name="homePageTitleTest" time="0.052"/>
  <testcase classname="com.qa.opencart.tests.HomePageTest" name="searchTest" time="5.659"/>
  <testcase classname="com.qa.opencart.tests.HomePageTest" name="searchTest" time="5.532"/>
  <testcase classname="com.qa.opencart.tests.HomePageTest" name="homePageURLTest" time="0.004"/>
  <testcase classname="com.qa.opencart.tests.HomePageTest" name="searchTest" time="5.570"/>
</testsuite> <!-- com.qa.opencart.tests.HomePageTest -->
