<?xml version="1.0" encoding="UTF-8"?>
<!-- Generated by org.testng.reporters.JUnitReportReporter -->
<testsuite hostname="Naresh-Acer-143" failures="0" tests="5" name="com.qa.opencart.tests.HomePageTest" time="16.947" errors="0" timestamp="2025-06-07T18:51:52 IST" skipped="0">
  <testcase classname="com.qa.opencart.tests.HomePageTest" name="searchTest" time="5.810"/>
  <testcase classname="com.qa.opencart.tests.HomePageTest" name="homePageTitleTest" time="0.061"/>
  <testcase classname="com.qa.opencart.tests.HomePageTest" name="searchTest" time="5.516"/>
  <testcase classname="com.qa.opencart.tests.HomePageTest" name="searchTest" time="5.555"/>
  <testcase classname="com.qa.opencart.tests.HomePageTest" name="homePageURLTest" time="0.005"/>
</testsuite> <!-- com.qa.opencart.tests.HomePageTest -->
