<?xml version="1.0" encoding="UTF-8"?>
<!-- Generated by org.testng.reporters.JUnitReportReporter -->
<testsuite hostname="Naresh-Acer-143" failures="0" tests="3" name="com.qa.opencart.tests.LoginPageTest" time="1.169" errors="0" timestamp="2025-06-08T13:03:55 IST" skipped="0">
  <testcase classname="com.qa.opencart.tests.LoginPageTest" name="loginPageNavigationTest" time="0.610"/>
  <testcase classname="com.qa.opencart.tests.LoginPageTest" name="forgotPwdLinkExistTest" time="0.037"/>
  <testcase classname="com.qa.opencart.tests.LoginPageTest" name="appLoginTest" time="0.522"/>
</testsuite> <!-- com.qa.opencart.tests.LoginPageTest -->
