<?xml version="1.0" encoding="UTF-8"?>
<!-- Generated by org.testng.reporters.JUnitReportReporter -->
<testsuite hostname="Naresh-Acer-143" failures="0" tests="5" name="com.qa.opencart.tests.HomePageTest" time="16.975" errors="0" timestamp="2025-06-08T13:03:55 IST" skipped="0">
  <testcase classname="com.qa.opencart.tests.HomePageTest" name="homePageURLTest" time="0.004"/>
  <testcase classname="com.qa.opencart.tests.HomePageTest" name="searchTest" time="5.498"/>
  <testcase classname="com.qa.opencart.tests.HomePageTest" name="searchTest" time="5.844"/>
  <testcase classname="com.qa.opencart.tests.HomePageTest" name="homePageTitleTest" time="0.049"/>
  <testcase classname="com.qa.opencart.tests.HomePageTest" name="searchTest" time="5.580"/>
</testsuite> <!-- com.qa.opencart.tests.HomePageTest -->
