<?xml version="1.0" encoding="UTF-8"?>
<!-- Generated by org.testng.reporters.JUnitReportReporter -->
<testsuite hostname="Naresh-Acer-143" failures="0" tests="5" name="com.qa.opencart.tests.HomePageTest" time="17.317" errors="0" timestamp="2025-06-08T12:30:48 IST" skipped="0">
  <testcase classname="com.qa.opencart.tests.HomePageTest" name="searchTest" time="5.648"/>
  <testcase classname="com.qa.opencart.tests.HomePageTest" name="searchTest" time="5.555"/>
  <testcase classname="com.qa.opencart.tests.HomePageTest" name="homePageURLTest" time="0.003"/>
  <testcase classname="com.qa.opencart.tests.HomePageTest" name="searchTest" time="6.020"/>
  <testcase classname="com.qa.opencart.tests.HomePageTest" name="homePageTitleTest" time="0.091"/>
</testsuite> <!-- com.qa.opencart.tests.HomePageTest -->
